<?xml version="1.0" encoding="UTF-8"?>
<!-- Generated by org.testng.reporters.JUnitReportReporter -->
<testsuite skipped="0" hostname="LAPTOP-GBQ597RB" name="com.clairvyont.automation.SeleniumAllFunctions" tests="1" failures="0" timestamp="02 Apr 2018 02:42:32 GMT" time="9.886" errors="0">
  <testcase name="register" time="9.886" classname="com.clairvyont.automation.SeleniumAllFunctions"/>
</testsuite> <!-- com.clairvyont.automation.SeleniumAllFunctions -->
