<?xml version="1.0" encoding="UTF-8"?>
<!-- Generated by org.testng.reporters.JUnitReportReporter -->
<testsuite skipped="0" hostname="LAPTOP-GBQ597RB" name="com.clairvyont.cucumber.CountIncreaseCucumberTest" tests="1" failures="0" timestamp="02 Apr 2018 02:42:32 GMT" time="0.015" errors="0">
  <testcase name="feature" time="0.015" classname="com.clairvyont.cucumber.CountIncreaseCucumberTest"/>
</testsuite> <!-- com.clairvyont.cucumber.CountIncreaseCucumberTest -->
