<?xml version="1.0" encoding="UTF-8"?>
<!-- Generated by org.testng.reporters.JUnitReportReporter -->
<testsuite skipped="0" hostname="LAPTOP-GBQ597RB" name="com.clairvyont.PageObjectModel.TestLoginPage" tests="1" failures="0" timestamp="02 Apr 2018 02:42:32 GMT" time="1.236" errors="0">
  <testcase name="verifyLoginPage" time="1.236" classname="com.clairvyont.PageObjectModel.TestLoginPage"/>
</testsuite> <!-- com.clairvyont.PageObjectModel.TestLoginPage -->
