<?xml version="1.0" encoding="UTF-8"?>
<!-- Generated by org.testng.reporters.JUnitReportReporter -->
<testsuite skipped="0" hostname="LAPTOP-GBQ597RB" name="com.clairvyont.datadriven.DataDrivenTest" tests="1" failures="0" timestamp="02 Apr 2018 02:42:32 GMT" time="2.564" errors="0">
  <testcase name="Execute" time="2.564" classname="com.clairvyont.datadriven.DataDrivenTest"/>
</testsuite> <!-- com.clairvyont.datadriven.DataDrivenTest -->
